<?xml version="1.0" encoding="UTF-8"?>
<!-- Generated by org.testng.reporters.JUnitXMLReporter -->
<testsuite hostname="DESKTOP-RKGN95B" ignored="0" name="Chrome Test" tests="3" failures="0" timestamp="16 Jul 2018 23:20:47 GMT" time="56.068" errors="0">
  <testcase name="createNewCustomer" time="10.57" classname="tests.DemoBankingFunctionsTest"/>
  <testcase name="createNewAccount" time="10.622" classname="tests.DemoBankingFunctionsTest"/>
  <testcase name="depositFunction" time="9.166" classname="tests.DemoBankingFunctionsTest"/>
</testsuite> <!-- Chrome Test -->
