<?xml version="1.0" encoding="UTF-8"?>
<testng-results skipped="0" failed="0" ignored="0" total="3" passed="3">
  <reporter-output>
  </reporter-output>
  <suite name="Bankink System Functions Suite" duration-ms="56068" started-at="2018-07-16T23:19:51Z" finished-at="2018-07-16T23:20:47Z">
    <groups>
    </groups>
    <test name="Chrome Test" duration-ms="56068" started-at="2018-07-16T23:19:51Z" finished-at="2018-07-16T23:20:47Z">
      <class name="tests.DemoBankingFunctionsTest">
        <test-method status="PASS" signature="deleteExistingFiles()[pri:0, instance:tests.DemoBankingFunctionsTest@35fb3008]" name="deleteExistingFiles" is-config="true" duration-ms="15" started-at="2018-07-16T23:19:51Z" finished-at="2018-07-16T23:19:51Z">
          <reporter-output>
          </reporter-output>
        </test-method> <!-- deleteExistingFiles -->
        <test-method status="PASS" signature="setUp(java.lang.String)[pri:0, instance:tests.DemoBankingFunctionsTest@35fb3008]" name="setUp" is-config="true" duration-ms="8588" started-at="2018-07-16T23:19:51Z" finished-at="2018-07-16T23:20:00Z">
          <params>
            <param index="0">
              <value>
                <![CDATA[chrome]]>
              </value>
            </param>
          </params>
          <reporter-output>
          </reporter-output>
        </test-method> <!-- setUp -->
        <test-method status="PASS" signature="createNewCustomer(java.lang.String, java.lang.String, java.lang.String, java.lang.String, java.lang.String, java.lang.String, java.lang.String, java.lang.String, java.lang.String)[pri:0, instance:tests.DemoBankingFunctionsTest@35fb3008]" name="createNewCustomer" duration-ms="10570" started-at="2018-07-16T23:20:00Z" data-provider="CustomerData" finished-at="2018-07-16T23:20:10Z">
          <params>
            <param index="0">
              <value>
                <![CDATA[NathanielHCZ]]>
              </value>
            </param>
            <param index="1">
              <value>
                <![CDATA[09251985]]>
              </value>
            </param>
            <param index="2">
              <value>
                <![CDATA[52 Madden St]]>
              </value>
            </param>
            <param index="3">
              <value>
                <![CDATA[Phoenix]]>
              </value>
            </param>
            <param index="4">
              <value>
                <![CDATA[Arizona]]>
              </value>
            </param>
            <param index="5">
              <value>
                <![CDATA[123456]]>
              </value>
            </param>
            <param index="6">
              <value>
                <![CDATA[10236954]]>
              </value>
            </param>
            <param index="7">
              <value>
                <![CDATA[nathanielnoel@yahoo.com]]>
              </value>
            </param>
            <param index="8">
              <value>
                <![CDATA[gC8br8oc]]>
              </value>
            </param>
          </params>
          <reporter-output>
          </reporter-output>
        </test-method> <!-- createNewCustomer -->
        <test-method status="PASS" signature="tearDown()[pri:0, instance:tests.DemoBankingFunctionsTest@35fb3008]" name="tearDown" is-config="true" duration-ms="688" started-at="2018-07-16T23:20:10Z" finished-at="2018-07-16T23:20:11Z">
          <reporter-output>
          </reporter-output>
        </test-method> <!-- tearDown -->
        <test-method status="PASS" signature="setUp(java.lang.String)[pri:0, instance:tests.DemoBankingFunctionsTest@35fb3008]" name="setUp" is-config="true" duration-ms="7147" started-at="2018-07-16T23:20:11Z" finished-at="2018-07-16T23:20:18Z">
          <params>
            <param index="0">
              <value>
                <![CDATA[chrome]]>
              </value>
            </param>
          </params>
          <reporter-output>
          </reporter-output>
        </test-method> <!-- setUp -->
        <test-method status="PASS" signature="createNewAccount()[pri:1, instance:tests.DemoBankingFunctionsTest@35fb3008]" name="createNewAccount" duration-ms="10622" started-at="2018-07-16T23:20:18Z" finished-at="2018-07-16T23:20:29Z">
          <reporter-output>
          </reporter-output>
        </test-method> <!-- createNewAccount -->
        <test-method status="PASS" signature="tearDown()[pri:0, instance:tests.DemoBankingFunctionsTest@35fb3008]" name="tearDown" is-config="true" duration-ms="754" started-at="2018-07-16T23:20:29Z" finished-at="2018-07-16T23:20:30Z">
          <reporter-output>
          </reporter-output>
        </test-method> <!-- tearDown -->
        <test-method status="PASS" signature="setUp(java.lang.String)[pri:0, instance:tests.DemoBankingFunctionsTest@35fb3008]" name="setUp" is-config="true" duration-ms="7135" started-at="2018-07-16T23:20:30Z" finished-at="2018-07-16T23:20:37Z">
          <params>
            <param index="0">
              <value>
                <![CDATA[chrome]]>
              </value>
            </param>
          </params>
          <reporter-output>
          </reporter-output>
        </test-method> <!-- setUp -->
        <test-method status="PASS" signature="depositFunction()[pri:2, instance:tests.DemoBankingFunctionsTest@35fb3008]" name="depositFunction" duration-ms="9166" started-at="2018-07-16T23:20:37Z" finished-at="2018-07-16T23:20:46Z">
          <reporter-output>
          </reporter-output>
        </test-method> <!-- depositFunction -->
        <test-method status="PASS" signature="tearDown()[pri:0, instance:tests.DemoBankingFunctionsTest@35fb3008]" name="tearDown" is-config="true" duration-ms="695" started-at="2018-07-16T23:20:46Z" finished-at="2018-07-16T23:20:47Z">
          <reporter-output>
          </reporter-output>
        </test-method> <!-- tearDown -->
      </class> <!-- tests.DemoBankingFunctionsTest -->
    </test> <!-- Chrome Test -->
  </suite> <!-- Bankink System Functions Suite -->
</testng-results>
